<?xml version="1.0" encoding="UTF-8"?>
<!-- Generated by org.testng.reporters.JUnitReportReporter -->
<testsuite hostname="CDC2-D-6S89H92" name="devOps.NewTest" tests="1" failures="0" timestamp="24 Jul 2019 10:00:04 GMT" time="32.206" errors="0">
  <testcase name="f" time="32.206" classname="devOps.NewTest"/>
</testsuite> <!-- devOps.NewTest -->
